2026-04-21 11:21:04 [main] INFO  c.example.BookApp.BookAppApplication - Starting BookAppApplication using Java 21.0.9 with PID 12180 (C:\Users\sahildevli\OneDrive - Nagarro\Desktop\BookApp\target\classes started by sahildevli in C:\Users\sahildevli\OneDrive - Nagarro\Desktop\BookApp)
2026-04-21 11:21:04 [main] DEBUG c.example.BookApp.BookAppApplication - Running with Spring Boot v3.4.5, Spring v6.2.6
2026-04-21 11:21:04 [main] INFO  c.example.BookApp.BookAppApplication - No active profile set, falling back to 1 default profile: "default"
2026-04-21 11:21:07 [main] INFO  o.s.d.r.c.RepositoryConfigurationDelegate - Bootstrapping Spring Data JPA repositories in DEFAULT mode.
2026-04-21 11:21:07 [main] INFO  o.s.d.r.c.RepositoryConfigurationDelegate - Finished Spring Data repository scanning in 173 ms. Found 2 JPA repository interfaces.
2026-04-21 11:21:09 [main] INFO  o.s.b.w.e.tomcat.TomcatWebServer - Tomcat initialized with port 8082 (http)
2026-04-21 11:21:09 [main] INFO  o.a.coyote.http11.Http11NioProtocol - Initializing ProtocolHandler ["http-nio-8082"]
2026-04-21 11:21:09 [main] INFO  o.a.catalina.core.StandardService - Starting service [Tomcat]
2026-04-21 11:21:09 [main] INFO  o.a.catalina.core.StandardEngine - Starting Servlet engine: [Apache Tomcat/10.1.40]
2026-04-21 11:21:10 [main] INFO  o.a.c.c.C.[Tomcat].[localhost].[/] - Initializing Spring embedded WebApplicationContext
2026-04-21 11:21:10 [main] INFO  o.s.b.w.s.c.ServletWebServerApplicationContext - Root WebApplicationContext: initialization completed in 5493 ms
2026-04-21 11:21:10 [main] INFO  o.h.jpa.internal.util.LogHelper - HHH000204: Processing PersistenceUnitInfo [name: default]
2026-04-21 11:21:10 [main] INFO  org.hibernate.Version - HHH000412: Hibernate ORM core version 6.6.13.Final
2026-04-21 11:21:11 [main] INFO  o.h.c.i.RegionFactoryInitiator - HHH000026: Second-level cache disabled
2026-04-21 11:21:11 [main] INFO  o.s.o.j.p.SpringPersistenceUnitInfo - No LoadTimeWeaver setup: ignoring JPA class transformer
2026-04-21 11:21:12 [main] INFO  com.zaxxer.hikari.HikariDataSource - HikariPool-1 - Starting...
2026-04-21 11:21:13 [main] INFO  com.zaxxer.hikari.pool.HikariPool - HikariPool-1 - Added connection org.postgresql.jdbc.PgConnection@333a44f2
2026-04-21 11:21:13 [main] INFO  com.zaxxer.hikari.HikariDataSource - HikariPool-1 - Start completed.
2026-04-21 11:21:13 [main] INFO  o.hibernate.orm.connections.pooling - HHH10001005: Database info:
	Database JDBC URL [Connecting through datasource 'HikariDataSource (HikariPool-1)']
	Database driver: undefined/unknown
	Database version: 18.1
	Autocommit mode: undefined/unknown
	Isolation level: undefined/unknown
	Minimum pool size: undefined/unknown
	Maximum pool size: undefined/unknown
2026-04-21 11:21:16 [main] INFO  o.h.e.t.j.p.i.JtaPlatformInitiator - HHH000489: No JTA platform available (set 'hibernate.transaction.jta.platform' to enable JTA platform integration)
2026-04-21 11:21:16 [main] INFO  o.s.o.j.LocalContainerEntityManagerFactoryBean - Initialized JPA EntityManagerFactory for persistence unit 'default'
2026-04-21 11:21:18 [main] INFO  o.s.d.j.r.query.QueryEnhancerFactory - Hibernate is in classpath; If applicable, HQL parser will be used.
2026-04-21 11:21:21 [main] WARN  o.s.b.a.o.j.JpaBaseConfiguration$JpaWebConfiguration - spring.jpa.open-in-view is enabled by default. Therefore, database queries may be performed during view rendering. Explicitly configure spring.jpa.open-in-view to disable this warning
2026-04-21 11:21:21 [main] INFO  o.s.s.c.a.a.c.InitializeUserDetailsBeanManagerConfigurer$InitializeUserDetailsManagerConfigurer - Global AuthenticationManager configured with UserDetailsService bean with name inMemoryUserDetailsManager
2026-04-21 11:21:23 [main] INFO  o.a.coyote.http11.Http11NioProtocol - Starting ProtocolHandler ["http-nio-8082"]
2026-04-21 11:21:23 [main] INFO  o.s.b.w.e.tomcat.TomcatWebServer - Tomcat started on port 8082 (http) with context path '/'
2026-04-21 11:21:23 [main] INFO  c.example.BookApp.BookAppApplication - Started BookAppApplication in 20.83 seconds (process running for 21.688)
2026-04-21 11:22:04 [http-nio-8082-exec-7] INFO  o.a.c.c.C.[Tomcat].[localhost].[/] - Initializing Spring DispatcherServlet 'dispatcherServlet'
2026-04-21 11:22:04 [http-nio-8082-exec-7] INFO  o.s.web.servlet.DispatcherServlet - Initializing Servlet 'dispatcherServlet'
2026-04-21 11:22:04 [http-nio-8082-exec-7] INFO  o.s.web.servlet.DispatcherServlet - Completed initialization in 2 ms
2026-04-21 11:22:04 [http-nio-8082-exec-7] INFO  c.e.BookApp.aspect.LoggingAspect - ──────────────────────────────────────────
2026-04-21 11:22:04 [http-nio-8082-exec-7] INFO  c.e.BookApp.aspect.LoggingAspect - → REQUEST  : GET /api/books
2026-04-21 11:22:04 [http-nio-8082-exec-7] INFO  c.e.BookApp.aspect.LoggingAspect - → HANDLER  : BooksController.getAllBooks()
2026-04-21 11:22:04 [http-nio-8082-exec-7] INFO  c.e.BookApp.aspect.LoggingAspect - → ARGS     : []
2026-04-21 11:22:04 [http-nio-8082-exec-7] INFO  c.e.BookApp.aspect.LoggingAspect - ← STATUS   : SUCCESS
2026-04-21 11:22:04 [http-nio-8082-exec-7] INFO  c.e.BookApp.aspect.LoggingAspect - ← DURATION : 276ms
2026-04-21 11:22:04 [http-nio-8082-exec-7] INFO  c.e.BookApp.aspect.LoggingAspect - ──────────────────────────────────────────
2026-04-21 11:25:24 [http-nio-8082-exec-5] INFO  c.e.BookApp.aspect.LoggingAspect - ──────────────────────────────────────────
2026-04-21 11:25:24 [http-nio-8082-exec-5] INFO  c.e.BookApp.aspect.LoggingAspect - → REQUEST  : POST /api/books
2026-04-21 11:25:24 [http-nio-8082-exec-5] INFO  c.e.BookApp.aspect.LoggingAspect - → HANDLER  : BooksController.saveBooks()
2026-04-21 11:25:24 [http-nio-8082-exec-5] INFO  c.e.BookApp.aspect.LoggingAspect - → ARGS     : [[com.example.BookApp.dto.BookRequestDto@5ed6316e, com.example.BookApp.dto.BookRequestDto@3f476d67, com.example.BookApp.dto.BookRequestDto@7bff61c1, com.example.BookApp.dto.BookRequestDto@5aae2ec8, com.example.BookApp.dto.BookRequestDto@359c39b2, com.example.BookApp.dto.BookRequestDto@31344633, com.example.BookApp.dto.BookRequestDto@3145c8bd, com.example.BookApp.dto.BookRequestDto@1ab67833, com.example.BookApp.dto.BookRequestDto@4e33837e, com.example.BookApp.dto.BookRequestDto@5d254155]]
2026-04-21 11:25:24 [http-nio-8082-exec-5] INFO  c.e.BookApp.aspect.LoggingAspect - ← STATUS   : SUCCESS
2026-04-21 11:25:24 [http-nio-8082-exec-5] INFO  c.e.BookApp.aspect.LoggingAspect - ← DURATION : 318ms
2026-04-21 11:25:24 [http-nio-8082-exec-5] INFO  c.e.BookApp.aspect.LoggingAspect - ──────────────────────────────────────────
2026-04-21 11:25:30 [http-nio-8082-exec-6] INFO  c.e.BookApp.aspect.LoggingAspect - ──────────────────────────────────────────
2026-04-21 11:25:30 [http-nio-8082-exec-6] INFO  c.e.BookApp.aspect.LoggingAspect - → REQUEST  : GET /api/books
2026-04-21 11:25:30 [http-nio-8082-exec-6] INFO  c.e.BookApp.aspect.LoggingAspect - → HANDLER  : BooksController.getAllBooks()
2026-04-21 11:25:30 [http-nio-8082-exec-6] INFO  c.e.BookApp.aspect.LoggingAspect - → ARGS     : []
2026-04-21 11:25:30 [http-nio-8082-exec-6] INFO  c.e.BookApp.aspect.LoggingAspect - ← STATUS   : SUCCESS
2026-04-21 11:25:30 [http-nio-8082-exec-6] INFO  c.e.BookApp.aspect.LoggingAspect - ← DURATION : 24ms
2026-04-21 11:25:30 [http-nio-8082-exec-6] INFO  c.e.BookApp.aspect.LoggingAspect - ──────────────────────────────────────────
2026-04-21 11:27:08 [http-nio-8082-exec-8] INFO  c.e.BookApp.aspect.LoggingAspect - ──────────────────────────────────────────
2026-04-21 11:27:08 [http-nio-8082-exec-8] INFO  c.e.BookApp.aspect.LoggingAspect - → REQUEST  : GET /api/books
2026-04-21 11:27:08 [http-nio-8082-exec-8] INFO  c.e.BookApp.aspect.LoggingAspect - → HANDLER  : BooksController.getAllBooks()
2026-04-21 11:27:08 [http-nio-8082-exec-8] INFO  c.e.BookApp.aspect.LoggingAspect - → ARGS     : []
2026-04-21 11:27:08 [http-nio-8082-exec-8] INFO  c.e.BookApp.aspect.LoggingAspect - ← STATUS   : SUCCESS
2026-04-21 11:27:08 [http-nio-8082-exec-8] INFO  c.e.BookApp.aspect.LoggingAspect - ← DURATION : 16ms
2026-04-21 11:27:08 [http-nio-8082-exec-8] INFO  c.e.BookApp.aspect.LoggingAspect - ──────────────────────────────────────────
2026-04-21 11:27:56 [http-nio-8082-exec-3] INFO  c.e.BookApp.aspect.LoggingAspect - ──────────────────────────────────────────
2026-04-21 11:27:56 [http-nio-8082-exec-3] INFO  c.e.BookApp.aspect.LoggingAspect - → REQUEST  : GET /api/books/getCSV
2026-04-21 11:27:56 [http-nio-8082-exec-3] INFO  c.e.BookApp.aspect.LoggingAspect - → HANDLER  : BooksController.exportCSV()
2026-04-21 11:27:56 [http-nio-8082-exec-3] INFO  c.e.BookApp.aspect.LoggingAspect - → ARGS     : [org.springframework.web.context.request.async.StandardServletAsyncWebRequest$LifecycleHttpServletResponse@36263cc0]
2026-04-21 11:27:56 [http-nio-8082-exec-3] INFO  c.e.BookApp.aspect.LoggingAspect - ← STATUS   : SUCCESS
2026-04-21 11:27:56 [http-nio-8082-exec-3] INFO  c.e.BookApp.aspect.LoggingAspect - ← DURATION : 16ms
2026-04-21 11:27:56 [http-nio-8082-exec-3] INFO  c.e.BookApp.aspect.LoggingAspect - ──────────────────────────────────────────
2026-04-21 11:28:04 [http-nio-8082-exec-4] INFO  c.e.BookApp.aspect.LoggingAspect - ──────────────────────────────────────────
2026-04-21 11:28:04 [http-nio-8082-exec-4] INFO  c.e.BookApp.aspect.LoggingAspect - → REQUEST  : GET /api/books/getCSV
2026-04-21 11:28:04 [http-nio-8082-exec-4] INFO  c.e.BookApp.aspect.LoggingAspect - → HANDLER  : BooksController.exportCSV()
2026-04-21 11:28:04 [http-nio-8082-exec-4] INFO  c.e.BookApp.aspect.LoggingAspect - → ARGS     : [org.springframework.web.context.request.async.StandardServletAsyncWebRequest$LifecycleHttpServletResponse@239ad63]
2026-04-21 11:28:04 [http-nio-8082-exec-4] INFO  c.e.BookApp.aspect.LoggingAspect - ← STATUS   : SUCCESS
2026-04-21 11:28:04 [http-nio-8082-exec-4] INFO  c.e.BookApp.aspect.LoggingAspect - ← DURATION : 10ms
2026-04-21 11:28:04 [http-nio-8082-exec-4] INFO  c.e.BookApp.aspect.LoggingAspect - ──────────────────────────────────────────
2026-04-21 11:34:07 [SpringApplicationShutdownHook] INFO  o.s.b.w.e.tomcat.GracefulShutdown - Commencing graceful shutdown. Waiting for active requests to complete
2026-04-21 11:34:07 [tomcat-shutdown] INFO  o.s.b.w.e.tomcat.GracefulShutdown - Graceful shutdown complete
2026-04-21 11:34:07 [SpringApplicationShutdownHook] INFO  o.s.o.j.LocalContainerEntityManagerFactoryBean - Closing JPA EntityManagerFactory for persistence unit 'default'
2026-04-21 11:34:07 [SpringApplicationShutdownHook] INFO  com.zaxxer.hikari.HikariDataSource - HikariPool-1 - Shutdown initiated...
2026-04-21 11:34:07 [SpringApplicationShutdownHook] INFO  com.zaxxer.hikari.HikariDataSource - HikariPool-1 - Shutdown completed.
2026-04-21 11:50:18 [main] INFO  c.example.BookApp.BookAppApplication - Starting BookAppApplication using Java 21.0.9 with PID 2852 (C:\Users\sahildevli\OneDrive - Nagarro\Desktop\BookApp\target\classes started by sahildevli in C:\Users\sahildevli\OneDrive - Nagarro\Desktop\BookApp)
2026-04-21 11:50:18 [main] DEBUG c.example.BookApp.BookAppApplication - Running with Spring Boot v3.4.5, Spring v6.2.6
2026-04-21 11:50:18 [main] INFO  c.example.BookApp.BookAppApplication - No active profile set, falling back to 1 default profile: "default"
2026-04-21 11:50:20 [main] INFO  o.s.d.r.c.RepositoryConfigurationDelegate - Bootstrapping Spring Data JPA repositories in DEFAULT mode.
2026-04-21 11:50:20 [main] INFO  o.s.d.r.c.RepositoryConfigurationDelegate - Finished Spring Data repository scanning in 84 ms. Found 2 JPA repository interfaces.
2026-04-21 11:50:22 [main] INFO  o.s.b.w.e.tomcat.TomcatWebServer - Tomcat initialized with port 8082 (http)
2026-04-21 11:50:22 [main] INFO  o.a.coyote.http11.Http11NioProtocol - Initializing ProtocolHandler ["http-nio-8082"]
2026-04-21 11:50:22 [main] INFO  o.a.catalina.core.StandardService - Starting service [Tomcat]
2026-04-21 11:50:22 [main] INFO  o.a.catalina.core.StandardEngine - Starting Servlet engine: [Apache Tomcat/10.1.40]
2026-04-21 11:50:22 [main] INFO  o.a.c.c.C.[Tomcat].[localhost].[/] - Initializing Spring embedded WebApplicationContext
2026-04-21 11:50:22 [main] INFO  o.s.b.w.s.c.ServletWebServerApplicationContext - Root WebApplicationContext: initialization completed in 3594 ms
2026-04-21 11:50:22 [main] INFO  o.h.jpa.internal.util.LogHelper - HHH000204: Processing PersistenceUnitInfo [name: default]
2026-04-21 11:50:23 [main] INFO  org.hibernate.Version - HHH000412: Hibernate ORM core version 6.6.13.Final
2026-04-21 11:50:23 [main] INFO  o.h.c.i.RegionFactoryInitiator - HHH000026: Second-level cache disabled
2026-04-21 11:50:23 [main] INFO  o.s.o.j.p.SpringPersistenceUnitInfo - No LoadTimeWeaver setup: ignoring JPA class transformer
2026-04-21 11:50:24 [main] INFO  com.zaxxer.hikari.HikariDataSource - HikariPool-1 - Starting...
2026-04-21 11:50:24 [main] INFO  com.zaxxer.hikari.pool.HikariPool - HikariPool-1 - Added connection org.postgresql.jdbc.PgConnection@59f3426f
2026-04-21 11:50:24 [main] INFO  com.zaxxer.hikari.HikariDataSource - HikariPool-1 - Start completed.
2026-04-21 11:50:24 [main] INFO  o.hibernate.orm.connections.pooling - HHH10001005: Database info:
	Database JDBC URL [Connecting through datasource 'HikariDataSource (HikariPool-1)']
	Database driver: undefined/unknown
	Database version: 18.1
	Autocommit mode: undefined/unknown
	Isolation level: undefined/unknown
	Minimum pool size: undefined/unknown
	Maximum pool size: undefined/unknown
2026-04-21 11:50:27 [main] INFO  o.h.e.t.j.p.i.JtaPlatformInitiator - HHH000489: No JTA platform available (set 'hibernate.transaction.jta.platform' to enable JTA platform integration)
2026-04-21 11:50:27 [main] INFO  o.s.o.j.LocalContainerEntityManagerFactoryBean - Initialized JPA EntityManagerFactory for persistence unit 'default'
2026-04-21 11:50:28 [main] INFO  o.s.d.j.r.query.QueryEnhancerFactory - Hibernate is in classpath; If applicable, HQL parser will be used.
2026-04-21 11:50:32 [main] WARN  o.s.b.a.o.j.JpaBaseConfiguration$JpaWebConfiguration - spring.jpa.open-in-view is enabled by default. Therefore, database queries may be performed during view rendering. Explicitly configure spring.jpa.open-in-view to disable this warning
2026-04-21 11:50:32 [main] INFO  o.s.s.c.a.a.c.InitializeUserDetailsBeanManagerConfigurer$InitializeUserDetailsManagerConfigurer - Global AuthenticationManager configured with UserDetailsService bean with name inMemoryUserDetailsManager
2026-04-21 11:50:34 [main] INFO  o.a.coyote.http11.Http11NioProtocol - Starting ProtocolHandler ["http-nio-8082"]
2026-04-21 11:50:34 [main] INFO  o.s.b.w.e.tomcat.TomcatWebServer - Tomcat started on port 8082 (http) with context path '/'
2026-04-21 11:50:34 [main] INFO  c.example.BookApp.BookAppApplication - Started BookAppApplication in 16.569 seconds (process running for 17.272)
2026-04-21 11:50:52 [http-nio-8082-exec-2] INFO  o.a.c.c.C.[Tomcat].[localhost].[/] - Initializing Spring DispatcherServlet 'dispatcherServlet'
2026-04-21 11:50:52 [http-nio-8082-exec-2] INFO  o.s.web.servlet.DispatcherServlet - Initializing Servlet 'dispatcherServlet'
2026-04-21 11:50:52 [http-nio-8082-exec-2] INFO  o.s.web.servlet.DispatcherServlet - Completed initialization in 3 ms
2026-04-21 11:50:53 [http-nio-8082-exec-2] INFO  c.e.BookApp.aspect.LoggingAspect - ──────────────────────────────────────────
2026-04-21 11:50:53 [http-nio-8082-exec-2] INFO  c.e.BookApp.aspect.LoggingAspect - → REQUEST  : GET /api/books
2026-04-21 11:50:53 [http-nio-8082-exec-2] INFO  c.e.BookApp.aspect.LoggingAspect - → HANDLER  : BooksController.getAllBooks()
2026-04-21 11:50:53 [http-nio-8082-exec-2] INFO  c.e.BookApp.aspect.LoggingAspect - → ARGS     : []
2026-04-21 11:50:53 [http-nio-8082-exec-2] INFO  c.e.BookApp.aspect.LoggingAspect - ← STATUS   : SUCCESS
2026-04-21 11:50:53 [http-nio-8082-exec-2] INFO  c.e.BookApp.aspect.LoggingAspect - ← DURATION : 197ms
2026-04-21 11:50:53 [http-nio-8082-exec-2] INFO  c.e.BookApp.aspect.LoggingAspect - ──────────────────────────────────────────
2026-04-21 11:52:29 [SpringApplicationShutdownHook] INFO  o.s.b.w.e.tomcat.GracefulShutdown - Commencing graceful shutdown. Waiting for active requests to complete
2026-04-21 11:52:29 [tomcat-shutdown] INFO  o.s.b.w.e.tomcat.GracefulShutdown - Graceful shutdown complete
2026-04-21 11:52:29 [SpringApplicationShutdownHook] INFO  o.s.o.j.LocalContainerEntityManagerFactoryBean - Closing JPA EntityManagerFactory for persistence unit 'default'
2026-04-21 11:52:29 [SpringApplicationShutdownHook] INFO  com.zaxxer.hikari.HikariDataSource - HikariPool-1 - Shutdown initiated...
2026-04-21 11:52:29 [SpringApplicationShutdownHook] INFO  com.zaxxer.hikari.HikariDataSource - HikariPool-1 - Shutdown completed.
2026-04-21 11:52:34 [main] INFO  c.example.BookApp.BookAppApplication - Starting BookAppApplication using Java 21.0.9 with PID 29112 (C:\Users\sahildevli\OneDrive - Nagarro\Desktop\BookApp\target\classes started by sahildevli in C:\Users\sahildevli\OneDrive - Nagarro\Desktop\BookApp)
2026-04-21 11:52:34 [main] DEBUG c.example.BookApp.BookAppApplication - Running with Spring Boot v3.4.5, Spring v6.2.6
2026-04-21 11:52:34 [main] INFO  c.example.BookApp.BookAppApplication - No active profile set, falling back to 1 default profile: "default"
2026-04-21 11:52:36 [main] INFO  o.s.d.r.c.RepositoryConfigurationDelegate - Bootstrapping Spring Data JPA repositories in DEFAULT mode.
2026-04-21 11:52:36 [main] INFO  o.s.d.r.c.RepositoryConfigurationDelegate - Finished Spring Data repository scanning in 162 ms. Found 2 JPA repository interfaces.
2026-04-21 11:52:38 [main] INFO  o.s.b.w.e.tomcat.TomcatWebServer - Tomcat initialized with port 8082 (http)
2026-04-21 11:52:38 [main] INFO  o.a.coyote.http11.Http11NioProtocol - Initializing ProtocolHandler ["http-nio-8082"]
2026-04-21 11:52:38 [main] INFO  o.a.catalina.core.StandardService - Starting service [Tomcat]
2026-04-21 11:52:38 [main] INFO  o.a.catalina.core.StandardEngine - Starting Servlet engine: [Apache Tomcat/10.1.40]
2026-04-21 11:52:38 [main] INFO  o.a.c.c.C.[Tomcat].[localhost].[/] - Initializing Spring embedded WebApplicationContext
2026-04-21 11:52:38 [main] INFO  o.s.b.w.s.c.ServletWebServerApplicationContext - Root WebApplicationContext: initialization completed in 4127 ms
2026-04-21 11:52:39 [main] INFO  o.h.jpa.internal.util.LogHelper - HHH000204: Processing PersistenceUnitInfo [name: default]
2026-04-21 11:52:39 [main] INFO  org.hibernate.Version - HHH000412: Hibernate ORM core version 6.6.13.Final
2026-04-21 11:52:39 [main] INFO  o.h.c.i.RegionFactoryInitiator - HHH000026: Second-level cache disabled
2026-04-21 11:52:39 [main] INFO  o.s.o.j.p.SpringPersistenceUnitInfo - No LoadTimeWeaver setup: ignoring JPA class transformer
2026-04-21 11:52:39 [main] INFO  com.zaxxer.hikari.HikariDataSource - HikariPool-1 - Starting...
2026-04-21 11:52:40 [main] INFO  com.zaxxer.hikari.pool.HikariPool - HikariPool-1 - Added connection org.postgresql.jdbc.PgConnection@7d7b4e04
2026-04-21 11:52:40 [main] INFO  com.zaxxer.hikari.HikariDataSource - HikariPool-1 - Start completed.
2026-04-21 11:52:40 [main] INFO  o.hibernate.orm.connections.pooling - HHH10001005: Database info:
	Database JDBC URL [Connecting through datasource 'HikariDataSource (HikariPool-1)']
	Database driver: undefined/unknown
	Database version: 18.1
	Autocommit mode: undefined/unknown
	Isolation level: undefined/unknown
	Minimum pool size: undefined/unknown
	Maximum pool size: undefined/unknown
2026-04-21 11:52:42 [main] INFO  o.h.e.t.j.p.i.JtaPlatformInitiator - HHH000489: No JTA platform available (set 'hibernate.transaction.jta.platform' to enable JTA platform integration)
2026-04-21 11:52:43 [main] INFO  o.s.o.j.LocalContainerEntityManagerFactoryBean - Initialized JPA EntityManagerFactory for persistence unit 'default'
2026-04-21 11:52:43 [main] INFO  o.s.d.j.r.query.QueryEnhancerFactory - Hibernate is in classpath; If applicable, HQL parser will be used.
2026-04-21 11:52:46 [main] WARN  o.s.b.a.o.j.JpaBaseConfiguration$JpaWebConfiguration - spring.jpa.open-in-view is enabled by default. Therefore, database queries may be performed during view rendering. Explicitly configure spring.jpa.open-in-view to disable this warning
2026-04-21 11:52:46 [main] INFO  o.s.s.c.a.a.c.InitializeUserDetailsBeanManagerConfigurer$InitializeUserDetailsManagerConfigurer - Global AuthenticationManager configured with UserDetailsService bean with name inMemoryUserDetailsManager
2026-04-21 11:52:49 [main] INFO  o.a.coyote.http11.Http11NioProtocol - Starting ProtocolHandler ["http-nio-8082"]
2026-04-21 11:52:49 [main] INFO  o.s.b.w.e.tomcat.TomcatWebServer - Tomcat started on port 8082 (http) with context path '/'
2026-04-21 11:52:49 [main] INFO  c.example.BookApp.BookAppApplication - Started BookAppApplication in 16.646 seconds (process running for 17.817)
2026-04-21 11:58:03 [http-nio-8082-exec-2] INFO  o.a.c.c.C.[Tomcat].[localhost].[/] - Initializing Spring DispatcherServlet 'dispatcherServlet'
2026-04-21 11:58:03 [http-nio-8082-exec-2] INFO  o.s.web.servlet.DispatcherServlet - Initializing Servlet 'dispatcherServlet'
2026-04-21 11:58:03 [http-nio-8082-exec-2] INFO  o.s.web.servlet.DispatcherServlet - Completed initialization in 3 ms
2026-04-21 11:58:04 [http-nio-8082-exec-2] INFO  c.e.BookApp.aspect.LoggingAspect - ──────────────────────────────────────────
2026-04-21 11:58:04 [http-nio-8082-exec-2] INFO  c.e.BookApp.aspect.LoggingAspect - → REQUEST  : POST /api/books
2026-04-21 11:58:04 [http-nio-8082-exec-2] INFO  c.e.BookApp.aspect.LoggingAspect - → HANDLER  : BooksController.saveBooks()
2026-04-21 11:58:04 [http-nio-8082-exec-2] INFO  c.e.BookApp.aspect.LoggingAspect - → ARGS     : [[com.example.BookApp.dto.BookRequestDto@58a55838, com.example.BookApp.dto.BookRequestDto@20f3446, com.example.BookApp.dto.BookRequestDto@52d7abde, com.example.BookApp.dto.BookRequestDto@cce2fe2, com.example.BookApp.dto.BookRequestDto@7e58c2db, com.example.BookApp.dto.BookRequestDto@50e6452, com.example.BookApp.dto.BookRequestDto@6a68a676, com.example.BookApp.dto.BookRequestDto@172425e6, com.example.BookApp.dto.BookRequestDto@2fd263c3, com.example.BookApp.dto.BookRequestDto@5908be9f]]
2026-04-21 11:58:04 [http-nio-8082-exec-2] INFO  c.e.BookApp.aspect.LoggingAspect - ← STATUS   : SUCCESS
2026-04-21 11:58:04 [http-nio-8082-exec-2] INFO  c.e.BookApp.aspect.LoggingAspect - ← DURATION : 573ms
2026-04-21 11:58:04 [http-nio-8082-exec-2] INFO  c.e.BookApp.aspect.LoggingAspect - ──────────────────────────────────────────
2026-04-21 12:06:29 [SpringApplicationShutdownHook] INFO  o.s.b.w.e.tomcat.GracefulShutdown - Commencing graceful shutdown. Waiting for active requests to complete
2026-04-21 12:06:29 [tomcat-shutdown] INFO  o.s.b.w.e.tomcat.GracefulShutdown - Graceful shutdown complete
2026-04-21 12:06:29 [SpringApplicationShutdownHook] INFO  o.s.o.j.LocalContainerEntityManagerFactoryBean - Closing JPA EntityManagerFactory for persistence unit 'default'
2026-04-21 12:06:29 [SpringApplicationShutdownHook] INFO  com.zaxxer.hikari.HikariDataSource - HikariPool-1 - Shutdown initiated...
2026-04-21 12:06:29 [SpringApplicationShutdownHook] INFO  com.zaxxer.hikari.HikariDataSource - HikariPool-1 - Shutdown completed.
2026-04-21 12:06:44 [main] INFO  c.example.BookApp.BookAppApplication - Starting BookAppApplication using Java 21.0.9 with PID 14136 (C:\Users\sahildevli\OneDrive - Nagarro\Desktop\BookApp\target\classes started by sahildevli in C:\Users\sahildevli\OneDrive - Nagarro\Desktop\BookApp)
2026-04-21 12:06:44 [main] DEBUG c.example.BookApp.BookAppApplication - Running with Spring Boot v3.4.5, Spring v6.2.6
2026-04-21 12:06:44 [main] INFO  c.example.BookApp.BookAppApplication - No active profile set, falling back to 1 default profile: "default"
2026-04-21 12:06:46 [main] INFO  o.s.d.r.c.RepositoryConfigurationDelegate - Bootstrapping Spring Data JPA repositories in DEFAULT mode.
2026-04-21 12:06:46 [main] INFO  o.s.d.r.c.RepositoryConfigurationDelegate - Finished Spring Data repository scanning in 118 ms. Found 2 JPA repository interfaces.
2026-04-21 12:06:48 [main] INFO  o.s.b.w.e.tomcat.TomcatWebServer - Tomcat initialized with port 8082 (http)
2026-04-21 12:06:48 [main] INFO  o.a.coyote.http11.Http11NioProtocol - Initializing ProtocolHandler ["http-nio-8082"]
2026-04-21 12:06:48 [main] INFO  o.a.catalina.core.StandardService - Starting service [Tomcat]
2026-04-21 12:06:48 [main] INFO  o.a.catalina.core.StandardEngine - Starting Servlet engine: [Apache Tomcat/10.1.40]
2026-04-21 12:06:48 [main] INFO  o.a.c.c.C.[Tomcat].[localhost].[/] - Initializing Spring embedded WebApplicationContext
2026-04-21 12:06:48 [main] INFO  o.s.b.w.s.c.ServletWebServerApplicationContext - Root WebApplicationContext: initialization completed in 4465 ms
2026-04-21 12:06:49 [main] INFO  o.h.jpa.internal.util.LogHelper - HHH000204: Processing PersistenceUnitInfo [name: default]
2026-04-21 12:06:49 [main] INFO  org.hibernate.Version - HHH000412: Hibernate ORM core version 6.6.13.Final
2026-04-21 12:06:49 [main] INFO  o.h.c.i.RegionFactoryInitiator - HHH000026: Second-level cache disabled
2026-04-21 12:06:50 [main] INFO  o.s.o.j.p.SpringPersistenceUnitInfo - No LoadTimeWeaver setup: ignoring JPA class transformer
2026-04-21 12:06:50 [main] INFO  com.zaxxer.hikari.HikariDataSource - HikariPool-1 - Starting...
2026-04-21 12:06:51 [main] INFO  c.example.BookApp.BookAppApplication - Starting BookAppApplication using Java 21.0.9 with PID 23912 (C:\Users\sahildevli\OneDrive - Nagarro\Desktop\BookApp\target\classes started by sahildevli in C:\Users\sahildevli\OneDrive - Nagarro\Desktop\BookApp)
2026-04-21 12:06:51 [main] DEBUG c.example.BookApp.BookAppApplication - Running with Spring Boot v3.4.5, Spring v6.2.6
2026-04-21 12:06:51 [main] INFO  c.example.BookApp.BookAppApplication - No active profile set, falling back to 1 default profile: "default"
2026-04-21 12:06:51 [main] INFO  com.zaxxer.hikari.pool.HikariPool - HikariPool-1 - Added connection org.postgresql.jdbc.PgConnection@149b53fa
2026-04-21 12:06:51 [main] INFO  com.zaxxer.hikari.HikariDataSource - HikariPool-1 - Start completed.
2026-04-21 12:06:51 [main] INFO  o.hibernate.orm.connections.pooling - HHH10001005: Database info:
	Database JDBC URL [Connecting through datasource 'HikariDataSource (HikariPool-1)']
	Database driver: undefined/unknown
	Database version: 18.1
	Autocommit mode: undefined/unknown
	Isolation level: undefined/unknown
	Minimum pool size: undefined/unknown
	Maximum pool size: undefined/unknown
2026-04-21 12:06:54 [main] INFO  o.s.d.r.c.RepositoryConfigurationDelegate - Bootstrapping Spring Data JPA repositories in DEFAULT mode.
2026-04-21 12:06:54 [main] INFO  o.s.d.r.c.RepositoryConfigurationDelegate - Finished Spring Data repository scanning in 156 ms. Found 2 JPA repository interfaces.
2026-04-21 12:06:54 [main] INFO  o.h.e.t.j.p.i.JtaPlatformInitiator - HHH000489: No JTA platform available (set 'hibernate.transaction.jta.platform' to enable JTA platform integration)
2026-04-21 12:06:55 [main] INFO  o.s.o.j.LocalContainerEntityManagerFactoryBean - Initialized JPA EntityManagerFactory for persistence unit 'default'
2026-04-21 12:06:56 [main] INFO  o.s.d.j.r.query.QueryEnhancerFactory - Hibernate is in classpath; If applicable, HQL parser will be used.
2026-04-21 12:06:57 [main] INFO  o.s.b.w.e.tomcat.TomcatWebServer - Tomcat initialized with port 8082 (http)
2026-04-21 12:06:57 [main] INFO  o.s.b.w.s.c.ServletWebServerApplicationContext - Root WebApplicationContext: initialization completed in 5978 ms
2026-04-21 12:06:58 [main] INFO  o.h.jpa.internal.util.LogHelper - HHH000204: Processing PersistenceUnitInfo [name: default]
2026-04-21 12:06:58 [main] INFO  org.hibernate.Version - HHH000412: Hibernate ORM core version 6.6.13.Final
2026-04-21 12:06:58 [main] INFO  o.h.c.i.RegionFactoryInitiator - HHH000026: Second-level cache disabled
2026-04-21 12:06:59 [main] INFO  o.s.o.j.p.SpringPersistenceUnitInfo - No LoadTimeWeaver setup: ignoring JPA class transformer
2026-04-21 12:06:59 [main] INFO  com.zaxxer.hikari.HikariDataSource - HikariPool-1 - Starting...
2026-04-21 12:07:00 [main] INFO  com.zaxxer.hikari.pool.HikariPool - HikariPool-1 - Added connection org.postgresql.jdbc.PgConnection@638977e0
2026-04-21 12:07:00 [main] INFO  com.zaxxer.hikari.HikariDataSource - HikariPool-1 - Start completed.
2026-04-21 12:07:00 [main] INFO  o.hibernate.orm.connections.pooling - HHH10001005: Database info:
	Database JDBC URL [Connecting through datasource 'HikariDataSource (HikariPool-1)']
	Database driver: undefined/unknown
	Database version: 18.1
	Autocommit mode: undefined/unknown
	Isolation level: undefined/unknown
	Minimum pool size: undefined/unknown
	Maximum pool size: undefined/unknown
2026-04-21 12:07:01 [main] WARN  o.s.b.a.o.j.JpaBaseConfiguration$JpaWebConfiguration - spring.jpa.open-in-view is enabled by default. Therefore, database queries may be performed during view rendering. Explicitly configure spring.jpa.open-in-view to disable this warning
2026-04-21 12:07:02 [main] INFO  o.s.s.c.a.a.c.InitializeUserDetailsBeanManagerConfigurer$InitializeUserDetailsManagerConfigurer - Global AuthenticationManager configured with UserDetailsService bean with name inMemoryUserDetailsManager
2026-04-21 12:07:04 [main] INFO  o.s.v.b.OptionalValidatorFactoryBean - Failed to set up a Bean Validation provider: jakarta.validation.NoProviderFoundException: Unable to create a Configuration, because no Jakarta Bean Validation provider could be found. Add a provider like Hibernate Validator (RI) to your classpath.
2026-04-21 12:07:05 [main] INFO  o.a.coyote.http11.Http11NioProtocol - Starting ProtocolHandler ["http-nio-8082"]
2026-04-21 12:07:05 [main] INFO  o.s.b.w.e.tomcat.TomcatWebServer - Tomcat started on port 8082 (http) with context path '/'
2026-04-21 12:07:05 [main] INFO  c.example.BookApp.BookAppApplication - Started BookAppApplication in 22.328 seconds (process running for 23.388)
2026-04-21 12:07:05 [main] INFO  o.h.e.t.j.p.i.JtaPlatformInitiator - HHH000489: No JTA platform available (set 'hibernate.transaction.jta.platform' to enable JTA platform integration)
2026-04-21 12:07:06 [main] INFO  o.s.o.j.LocalContainerEntityManagerFactoryBean - Initialized JPA EntityManagerFactory for persistence unit 'default'
2026-04-21 12:07:06 [http-nio-8082-exec-3] INFO  o.a.c.c.C.[Tomcat].[localhost].[/] - Initializing Spring DispatcherServlet 'dispatcherServlet'
2026-04-21 12:07:06 [http-nio-8082-exec-3] INFO  o.s.web.servlet.DispatcherServlet - Initializing Servlet 'dispatcherServlet'
2026-04-21 12:07:06 [http-nio-8082-exec-3] INFO  o.s.web.servlet.DispatcherServlet - Completed initialization in 3 ms
2026-04-21 12:07:07 [http-nio-8082-exec-3] INFO  c.e.BookApp.aspect.LoggingAspect - ──────────────────────────────────────────
2026-04-21 12:07:07 [http-nio-8082-exec-3] INFO  c.e.BookApp.aspect.LoggingAspect - → REQUEST  : GET /api/books
2026-04-21 12:07:07 [http-nio-8082-exec-3] INFO  c.e.BookApp.aspect.LoggingAspect - → HANDLER  : BooksController.getAllBooks()
2026-04-21 12:07:07 [http-nio-8082-exec-3] INFO  c.e.BookApp.aspect.LoggingAspect - → ARGS     : []
2026-04-21 12:07:07 [main] INFO  o.s.d.j.r.query.QueryEnhancerFactory - Hibernate is in classpath; If applicable, HQL parser will be used.
2026-04-21 12:07:07 [http-nio-8082-exec-3] INFO  c.e.BookApp.aspect.LoggingAspect - ← STATUS   : SUCCESS
2026-04-21 12:07:07 [http-nio-8082-exec-3] INFO  c.e.BookApp.aspect.LoggingAspect - ← DURATION : 347ms
2026-04-21 12:07:07 [http-nio-8082-exec-3] INFO  c.e.BookApp.aspect.LoggingAspect - ──────────────────────────────────────────
2026-04-21 12:07:11 [main] WARN  o.s.b.a.o.j.JpaBaseConfiguration$JpaWebConfiguration - spring.jpa.open-in-view is enabled by default. Therefore, database queries may be performed during view rendering. Explicitly configure spring.jpa.open-in-view to disable this warning
2026-04-21 12:07:11 [main] INFO  o.s.s.c.a.a.c.InitializeUserDetailsBeanManagerConfigurer$InitializeUserDetailsManagerConfigurer - Global AuthenticationManager configured with UserDetailsService bean with name inMemoryUserDetailsManager
2026-04-21 12:07:13 [main] INFO  o.s.v.b.OptionalValidatorFactoryBean - Failed to set up a Bean Validation provider: jakarta.validation.NoProviderFoundException: Unable to create a Configuration, because no Jakarta Bean Validation provider could be found. Add a provider like Hibernate Validator (RI) to your classpath.
2026-04-21 12:07:14 [main] WARN  o.s.b.w.s.c.AnnotationConfigServletWebServerApplicationContext - Exception encountered during context initialization - cancelling refresh attempt: org.springframework.context.ApplicationContextException: Failed to start bean 'webServerStartStop'
2026-04-21 12:07:14 [main] INFO  o.s.o.j.LocalContainerEntityManagerFactoryBean - Closing JPA EntityManagerFactory for persistence unit 'default'
2026-04-21 12:07:14 [main] INFO  com.zaxxer.hikari.HikariDataSource - HikariPool-1 - Shutdown initiated...
2026-04-21 12:07:14 [main] INFO  com.zaxxer.hikari.HikariDataSource - HikariPool-1 - Shutdown completed.
2026-04-21 12:09:07 [SpringApplicationShutdownHook] INFO  o.s.b.w.e.tomcat.GracefulShutdown - Commencing graceful shutdown. Waiting for active requests to complete
2026-04-21 12:09:07 [tomcat-shutdown] INFO  o.s.b.w.e.tomcat.GracefulShutdown - Graceful shutdown complete
2026-04-21 12:09:07 [SpringApplicationShutdownHook] INFO  o.s.o.j.LocalContainerEntityManagerFactoryBean - Closing JPA EntityManagerFactory for persistence unit 'default'
2026-04-21 12:09:07 [SpringApplicationShutdownHook] INFO  com.zaxxer.hikari.HikariDataSource - HikariPool-1 - Shutdown initiated...
2026-04-21 12:09:07 [SpringApplicationShutdownHook] INFO  com.zaxxer.hikari.HikariDataSource - HikariPool-1 - Shutdown completed.
2026-04-21 12:09:16 [main] INFO  c.example.BookApp.BookAppApplication - Starting BookAppApplication using Java 21.0.9 with PID 12176 (C:\Users\sahildevli\OneDrive - Nagarro\Desktop\BookApp\target\classes started by sahildevli in C:\Users\sahildevli\OneDrive - Nagarro\Desktop\BookApp)
2026-04-21 12:09:16 [main] DEBUG c.example.BookApp.BookAppApplication - Running with Spring Boot v3.4.5, Spring v6.2.6
2026-04-21 12:09:16 [main] INFO  c.example.BookApp.BookAppApplication - No active profile set, falling back to 1 default profile: "default"
2026-04-21 12:09:18 [main] INFO  o.s.d.r.c.RepositoryConfigurationDelegate - Bootstrapping Spring Data JPA repositories in DEFAULT mode.
2026-04-21 12:09:18 [main] INFO  o.s.d.r.c.RepositoryConfigurationDelegate - Finished Spring Data repository scanning in 142 ms. Found 2 JPA repository interfaces.
2026-04-21 12:09:20 [main] INFO  o.s.b.w.e.tomcat.TomcatWebServer - Tomcat initialized with port 8082 (http)
2026-04-21 12:09:20 [main] INFO  o.a.coyote.http11.Http11NioProtocol - Initializing ProtocolHandler ["http-nio-8082"]
2026-04-21 12:09:20 [main] INFO  o.a.catalina.core.StandardService - Starting service [Tomcat]
2026-04-21 12:09:20 [main] INFO  o.a.catalina.core.StandardEngine - Starting Servlet engine: [Apache Tomcat/10.1.40]
2026-04-21 12:09:20 [main] INFO  o.a.c.c.C.[Tomcat].[localhost].[/] - Initializing Spring embedded WebApplicationContext
2026-04-21 12:09:20 [main] INFO  o.s.b.w.s.c.ServletWebServerApplicationContext - Root WebApplicationContext: initialization completed in 3909 ms
2026-04-21 12:09:20 [main] INFO  o.h.jpa.internal.util.LogHelper - HHH000204: Processing PersistenceUnitInfo [name: default]
2026-04-21 12:09:20 [main] INFO  org.hibernate.Version - HHH000412: Hibernate ORM core version 6.6.13.Final
2026-04-21 12:09:20 [main] INFO  o.h.c.i.RegionFactoryInitiator - HHH000026: Second-level cache disabled
2026-04-21 12:09:21 [main] INFO  o.s.o.j.p.SpringPersistenceUnitInfo - No LoadTimeWeaver setup: ignoring JPA class transformer
2026-04-21 12:09:21 [main] INFO  com.zaxxer.hikari.HikariDataSource - HikariPool-1 - Starting...
2026-04-21 12:09:22 [main] INFO  com.zaxxer.hikari.pool.HikariPool - HikariPool-1 - Added connection org.postgresql.jdbc.PgConnection@638977e0
2026-04-21 12:09:22 [main] INFO  com.zaxxer.hikari.HikariDataSource - HikariPool-1 - Start completed.
2026-04-21 12:09:22 [main] INFO  o.hibernate.orm.connections.pooling - HHH10001005: Database info:
	Database JDBC URL [Connecting through datasource 'HikariDataSource (HikariPool-1)']
	Database driver: undefined/unknown
	Database version: 18.1
	Autocommit mode: undefined/unknown
	Isolation level: undefined/unknown
	Minimum pool size: undefined/unknown
	Maximum pool size: undefined/unknown
2026-04-21 12:09:23 [main] INFO  o.h.e.t.j.p.i.JtaPlatformInitiator - HHH000489: No JTA platform available (set 'hibernate.transaction.jta.platform' to enable JTA platform integration)
2026-04-21 12:09:23 [main] INFO  o.s.o.j.LocalContainerEntityManagerFactoryBean - Initialized JPA EntityManagerFactory for persistence unit 'default'
2026-04-21 12:09:24 [main] INFO  o.s.d.j.r.query.QueryEnhancerFactory - Hibernate is in classpath; If applicable, HQL parser will be used.
2026-04-21 12:09:27 [main] WARN  o.s.b.a.o.j.JpaBaseConfiguration$JpaWebConfiguration - spring.jpa.open-in-view is enabled by default. Therefore, database queries may be performed during view rendering. Explicitly configure spring.jpa.open-in-view to disable this warning
2026-04-21 12:09:27 [main] INFO  o.s.s.c.a.a.c.InitializeUserDetailsBeanManagerConfigurer$InitializeUserDetailsManagerConfigurer - Global AuthenticationManager configured with UserDetailsService bean with name inMemoryUserDetailsManager
2026-04-21 12:09:28 [main] INFO  o.s.v.b.OptionalValidatorFactoryBean - Failed to set up a Bean Validation provider: jakarta.validation.NoProviderFoundException: Unable to create a Configuration, because no Jakarta Bean Validation provider could be found. Add a provider like Hibernate Validator (RI) to your classpath.
2026-04-21 12:09:28 [main] INFO  o.a.coyote.http11.Http11NioProtocol - Starting ProtocolHandler ["http-nio-8082"]
2026-04-21 12:09:28 [main] INFO  o.s.b.w.e.tomcat.TomcatWebServer - Tomcat started on port 8082 (http) with context path '/'
2026-04-21 12:09:28 [main] INFO  c.example.BookApp.BookAppApplication - Started BookAppApplication in 13.857 seconds (process running for 15.117)
2026-04-21 12:09:33 [http-nio-8082-exec-1] INFO  o.a.c.c.C.[Tomcat].[localhost].[/] - Initializing Spring DispatcherServlet 'dispatcherServlet'
2026-04-21 12:09:33 [http-nio-8082-exec-1] INFO  o.s.web.servlet.DispatcherServlet - Initializing Servlet 'dispatcherServlet'
2026-04-21 12:09:33 [http-nio-8082-exec-1] INFO  o.s.web.servlet.DispatcherServlet - Completed initialization in 3 ms
2026-04-21 12:09:47 [SpringApplicationShutdownHook] INFO  o.s.b.w.e.tomcat.GracefulShutdown - Commencing graceful shutdown. Waiting for active requests to complete
2026-04-21 12:09:47 [tomcat-shutdown] INFO  o.s.b.w.e.tomcat.GracefulShutdown - Graceful shutdown complete
2026-04-21 12:09:47 [SpringApplicationShutdownHook] INFO  o.s.o.j.LocalContainerEntityManagerFactoryBean - Closing JPA EntityManagerFactory for persistence unit 'default'
2026-04-21 12:09:47 [SpringApplicationShutdownHook] INFO  com.zaxxer.hikari.HikariDataSource - HikariPool-1 - Shutdown initiated...
2026-04-21 12:09:47 [SpringApplicationShutdownHook] INFO  com.zaxxer.hikari.HikariDataSource - HikariPool-1 - Shutdown completed.
2026-04-21 12:13:35 [main] INFO  c.example.BookApp.BookAppApplication - Starting BookAppApplication using Java 21.0.9 with PID 27588 (C:\Users\sahildevli\OneDrive - Nagarro\Desktop\BookApp\target\classes started by sahildevli in C:\Users\sahildevli\OneDrive - Nagarro\Desktop\BookApp)
2026-04-21 12:13:35 [main] DEBUG c.example.BookApp.BookAppApplication - Running with Spring Boot v3.4.5, Spring v6.2.6
2026-04-21 12:13:35 [main] INFO  c.example.BookApp.BookAppApplication - No active profile set, falling back to 1 default profile: "default"
2026-04-21 12:13:37 [main] INFO  o.s.d.r.c.RepositoryConfigurationDelegate - Bootstrapping Spring Data JPA repositories in DEFAULT mode.
2026-04-21 12:13:37 [main] INFO  o.s.d.r.c.RepositoryConfigurationDelegate - Finished Spring Data repository scanning in 122 ms. Found 2 JPA repository interfaces.
2026-04-21 12:13:39 [main] INFO  o.s.b.w.e.tomcat.TomcatWebServer - Tomcat initialized with port 8082 (http)
2026-04-21 12:13:39 [main] INFO  o.a.coyote.http11.Http11NioProtocol - Initializing ProtocolHandler ["http-nio-8082"]
2026-04-21 12:13:39 [main] INFO  o.a.catalina.core.StandardService - Starting service [Tomcat]
2026-04-21 12:13:39 [main] INFO  o.a.catalina.core.StandardEngine - Starting Servlet engine: [Apache Tomcat/10.1.40]
2026-04-21 12:13:39 [main] INFO  o.a.c.c.C.[Tomcat].[localhost].[/] - Initializing Spring embedded WebApplicationContext
2026-04-21 12:13:39 [main] INFO  o.s.b.w.s.c.ServletWebServerApplicationContext - Root WebApplicationContext: initialization completed in 3968 ms
2026-04-21 12:13:39 [main] INFO  o.h.jpa.internal.util.LogHelper - HHH000204: Processing PersistenceUnitInfo [name: default]
2026-04-21 12:13:39 [main] INFO  org.hibernate.Version - HHH000412: Hibernate ORM core version 6.6.13.Final
2026-04-21 12:13:39 [main] INFO  o.h.c.i.RegionFactoryInitiator - HHH000026: Second-level cache disabled
2026-04-21 12:13:40 [main] INFO  o.s.o.j.p.SpringPersistenceUnitInfo - No LoadTimeWeaver setup: ignoring JPA class transformer
2026-04-21 12:13:40 [main] INFO  com.zaxxer.hikari.HikariDataSource - HikariPool-1 - Starting...
2026-04-21 12:13:40 [main] INFO  com.zaxxer.hikari.pool.HikariPool - HikariPool-1 - Added connection org.postgresql.jdbc.PgConnection@51508029
2026-04-21 12:13:40 [main] INFO  com.zaxxer.hikari.HikariDataSource - HikariPool-1 - Start completed.
2026-04-21 12:13:40 [main] INFO  o.hibernate.orm.connections.pooling - HHH10001005: Database info:
	Database JDBC URL [Connecting through datasource 'HikariDataSource (HikariPool-1)']
	Database driver: undefined/unknown
	Database version: 18.1
	Autocommit mode: undefined/unknown
	Isolation level: undefined/unknown
	Minimum pool size: undefined/unknown
	Maximum pool size: undefined/unknown
2026-04-21 12:13:42 [main] INFO  o.h.e.t.j.p.i.JtaPlatformInitiator - HHH000489: No JTA platform available (set 'hibernate.transaction.jta.platform' to enable JTA platform integration)
2026-04-21 12:13:42 [main] INFO  o.s.o.j.LocalContainerEntityManagerFactoryBean - Initialized JPA EntityManagerFactory for persistence unit 'default'
2026-04-21 12:13:43 [main] INFO  o.s.d.j.r.query.QueryEnhancerFactory - Hibernate is in classpath; If applicable, HQL parser will be used.
2026-04-21 12:13:45 [main] WARN  o.s.b.a.o.j.JpaBaseConfiguration$JpaWebConfiguration - spring.jpa.open-in-view is enabled by default. Therefore, database queries may be performed during view rendering. Explicitly configure spring.jpa.open-in-view to disable this warning
2026-04-21 12:13:45 [main] INFO  o.s.s.c.a.a.c.InitializeUserDetailsBeanManagerConfigurer$InitializeUserDetailsManagerConfigurer - Global AuthenticationManager configured with UserDetailsService bean with name inMemoryUserDetailsManager
2026-04-21 12:13:46 [main] INFO  o.s.v.b.OptionalValidatorFactoryBean - Failed to set up a Bean Validation provider: jakarta.validation.NoProviderFoundException: Unable to create a Configuration, because no Jakarta Bean Validation provider could be found. Add a provider like Hibernate Validator (RI) to your classpath.
2026-04-21 12:13:47 [main] INFO  o.a.coyote.http11.Http11NioProtocol - Starting ProtocolHandler ["http-nio-8082"]
2026-04-21 12:13:47 [main] INFO  o.s.b.w.e.tomcat.TomcatWebServer - Tomcat started on port 8082 (http) with context path '/'
2026-04-21 12:13:47 [main] INFO  c.example.BookApp.BookAppApplication - Started BookAppApplication in 13.118 seconds (process running for 14.094)
2026-04-21 12:14:01 [http-nio-8082-exec-1] INFO  o.a.c.c.C.[Tomcat].[localhost].[/] - Initializing Spring DispatcherServlet 'dispatcherServlet'
2026-04-21 12:14:01 [http-nio-8082-exec-1] INFO  o.s.web.servlet.DispatcherServlet - Initializing Servlet 'dispatcherServlet'
2026-04-21 12:14:01 [http-nio-8082-exec-1] INFO  o.s.web.servlet.DispatcherServlet - Completed initialization in 6 ms
2026-04-21 12:15:54 [main] INFO  c.example.BookApp.BookAppApplication - Starting BookAppApplication using Java 21.0.9 with PID 18252 (C:\Users\sahildevli\OneDrive - Nagarro\Desktop\BookApp\target\classes started by sahildevli in C:\Users\sahildevli\OneDrive - Nagarro\Desktop\BookApp)
2026-04-21 12:15:54 [main] DEBUG c.example.BookApp.BookAppApplication - Running with Spring Boot v3.4.5, Spring v6.2.6
2026-04-21 12:15:54 [main] INFO  c.example.BookApp.BookAppApplication - No active profile set, falling back to 1 default profile: "default"
2026-04-21 12:15:56 [main] INFO  o.s.d.r.c.RepositoryConfigurationDelegate - Bootstrapping Spring Data JPA repositories in DEFAULT mode.
2026-04-21 12:15:56 [main] INFO  o.s.d.r.c.RepositoryConfigurationDelegate - Finished Spring Data repository scanning in 104 ms. Found 2 JPA repository interfaces.
2026-04-21 12:15:57 [main] INFO  o.s.b.w.e.tomcat.TomcatWebServer - Tomcat initialized with port 8082 (http)
2026-04-21 12:15:57 [main] INFO  o.a.coyote.http11.Http11NioProtocol - Initializing ProtocolHandler ["http-nio-8082"]
2026-04-21 12:15:57 [main] INFO  o.a.catalina.core.StandardService - Starting service [Tomcat]
2026-04-21 12:15:57 [main] INFO  o.a.catalina.core.StandardEngine - Starting Servlet engine: [Apache Tomcat/10.1.40]
2026-04-21 12:15:57 [main] INFO  o.a.c.c.C.[Tomcat].[localhost].[/] - Initializing Spring embedded WebApplicationContext
2026-04-21 12:15:57 [main] INFO  o.s.b.w.s.c.ServletWebServerApplicationContext - Root WebApplicationContext: initialization completed in 2900 ms
2026-04-21 12:15:58 [main] INFO  o.h.jpa.internal.util.LogHelper - HHH000204: Processing PersistenceUnitInfo [name: default]
2026-04-21 12:15:58 [main] INFO  org.hibernate.Version - HHH000412: Hibernate ORM core version 6.6.13.Final
2026-04-21 12:15:58 [main] INFO  o.h.c.i.RegionFactoryInitiator - HHH000026: Second-level cache disabled
2026-04-21 12:15:59 [main] INFO  o.s.o.j.p.SpringPersistenceUnitInfo - No LoadTimeWeaver setup: ignoring JPA class transformer
2026-04-21 12:15:59 [main] INFO  com.zaxxer.hikari.HikariDataSource - HikariPool-1 - Starting...
2026-04-21 12:16:00 [main] INFO  com.zaxxer.hikari.pool.HikariPool - HikariPool-1 - Added connection org.postgresql.jdbc.PgConnection@49d543a9
2026-04-21 12:16:00 [main] INFO  com.zaxxer.hikari.HikariDataSource - HikariPool-1 - Start completed.
2026-04-21 12:16:00 [main] INFO  o.hibernate.orm.connections.pooling - HHH10001005: Database info:
	Database JDBC URL [Connecting through datasource 'HikariDataSource (HikariPool-1)']
	Database driver: undefined/unknown
	Database version: 18.1
	Autocommit mode: undefined/unknown
	Isolation level: undefined/unknown
	Minimum pool size: undefined/unknown
	Maximum pool size: undefined/unknown
2026-04-21 12:16:02 [main] INFO  o.h.e.t.j.p.i.JtaPlatformInitiator - HHH000489: No JTA platform available (set 'hibernate.transaction.jta.platform' to enable JTA platform integration)
2026-04-21 12:16:02 [main] INFO  o.s.o.j.LocalContainerEntityManagerFactoryBean - Initialized JPA EntityManagerFactory for persistence unit 'default'
2026-04-21 12:16:02 [main] INFO  o.s.d.j.r.query.QueryEnhancerFactory - Hibernate is in classpath; If applicable, HQL parser will be used.
2026-04-21 12:16:05 [main] WARN  o.s.b.a.o.j.JpaBaseConfiguration$JpaWebConfiguration - spring.jpa.open-in-view is enabled by default. Therefore, database queries may be performed during view rendering. Explicitly configure spring.jpa.open-in-view to disable this warning
2026-04-21 12:16:05 [main] INFO  o.s.s.c.a.a.c.InitializeUserDetailsBeanManagerConfigurer$InitializeUserDetailsManagerConfigurer - Global AuthenticationManager configured with UserDetailsService bean with name inMemoryUserDetailsManager
2026-04-21 12:16:05 [main] INFO  o.s.v.b.OptionalValidatorFactoryBean - Failed to set up a Bean Validation provider: jakarta.validation.NoProviderFoundException: Unable to create a Configuration, because no Jakarta Bean Validation provider could be found. Add a provider like Hibernate Validator (RI) to your classpath.
2026-04-21 12:16:06 [main] INFO  o.a.coyote.http11.Http11NioProtocol - Starting ProtocolHandler ["http-nio-8082"]
2026-04-21 12:16:06 [main] WARN  o.s.b.w.s.c.AnnotationConfigServletWebServerApplicationContext - Exception encountered during context initialization - cancelling refresh attempt: org.springframework.context.ApplicationContextException: Failed to start bean 'webServerStartStop'
2026-04-21 12:16:06 [main] INFO  o.s.o.j.LocalContainerEntityManagerFactoryBean - Closing JPA EntityManagerFactory for persistence unit 'default'
2026-04-21 12:16:06 [main] INFO  com.zaxxer.hikari.HikariDataSource - HikariPool-1 - Shutdown initiated...
2026-04-21 12:16:06 [main] INFO  com.zaxxer.hikari.HikariDataSource - HikariPool-1 - Shutdown completed.
2026-04-21 12:16:06 [main] INFO  o.s.b.a.l.ConditionEvaluationReportLogger - 

Error starting ApplicationContext. To display the condition evaluation report re-run your application with 'debug' enabled.
2026-04-21 12:16:06 [main] ERROR o.s.b.d.LoggingFailureAnalysisReporter - 

***************************
APPLICATION FAILED TO START
***************************

Description:

Web server failed to start. Port 8082 was already in use.

Action:

Identify and stop the process that's listening on port 8082 or configure this application to listen on another port.

2026-04-21 12:16:38 [main] INFO  c.example.BookApp.BookAppApplication - Starting BookAppApplication using Java 21.0.9 with PID 15668 (C:\Users\sahildevli\OneDrive - Nagarro\Desktop\BookApp\target\classes started by sahildevli in C:\Users\sahildevli\OneDrive - Nagarro\Desktop\BookApp)
2026-04-21 12:16:38 [main] DEBUG c.example.BookApp.BookAppApplication - Running with Spring Boot v3.4.5, Spring v6.2.6
2026-04-21 12:16:38 [main] INFO  c.example.BookApp.BookAppApplication - No active profile set, falling back to 1 default profile: "default"
2026-04-21 12:16:39 [main] INFO  o.s.d.r.c.RepositoryConfigurationDelegate - Bootstrapping Spring Data JPA repositories in DEFAULT mode.
2026-04-21 12:16:39 [main] INFO  o.s.d.r.c.RepositoryConfigurationDelegate - Finished Spring Data repository scanning in 117 ms. Found 2 JPA repository interfaces.
2026-04-21 12:16:40 [main] INFO  o.s.b.w.e.tomcat.TomcatWebServer - Tomcat initialized with port 8082 (http)
2026-04-21 12:16:40 [main] INFO  o.a.coyote.http11.Http11NioProtocol - Initializing ProtocolHandler ["http-nio-8082"]
2026-04-21 12:16:40 [main] INFO  o.a.catalina.core.StandardService - Starting service [Tomcat]
2026-04-21 12:16:40 [main] INFO  o.a.catalina.core.StandardEngine - Starting Servlet engine: [Apache Tomcat/10.1.40]
2026-04-21 12:16:40 [main] INFO  o.a.c.c.C.[Tomcat].[localhost].[/] - Initializing Spring embedded WebApplicationContext
2026-04-21 12:16:40 [main] INFO  o.s.b.w.s.c.ServletWebServerApplicationContext - Root WebApplicationContext: initialization completed in 2495 ms
2026-04-21 12:16:41 [main] INFO  o.h.jpa.internal.util.LogHelper - HHH000204: Processing PersistenceUnitInfo [name: default]
2026-04-21 12:16:41 [main] INFO  org.hibernate.Version - HHH000412: Hibernate ORM core version 6.6.13.Final
2026-04-21 12:16:41 [main] INFO  o.h.c.i.RegionFactoryInitiator - HHH000026: Second-level cache disabled
2026-04-21 12:16:41 [main] INFO  o.s.o.j.p.SpringPersistenceUnitInfo - No LoadTimeWeaver setup: ignoring JPA class transformer
2026-04-21 12:16:41 [main] INFO  com.zaxxer.hikari.HikariDataSource - HikariPool-1 - Starting...
2026-04-21 12:16:42 [main] INFO  com.zaxxer.hikari.pool.HikariPool - HikariPool-1 - Added connection org.postgresql.jdbc.PgConnection@559e3f67
2026-04-21 12:16:42 [main] INFO  com.zaxxer.hikari.HikariDataSource - HikariPool-1 - Start completed.
2026-04-21 12:16:42 [main] INFO  o.hibernate.orm.connections.pooling - HHH10001005: Database info:
	Database JDBC URL [Connecting through datasource 'HikariDataSource (HikariPool-1)']
	Database driver: undefined/unknown
	Database version: 18.1
	Autocommit mode: undefined/unknown
	Isolation level: undefined/unknown
	Minimum pool size: undefined/unknown
	Maximum pool size: undefined/unknown
2026-04-21 12:16:43 [main] INFO  o.h.e.t.j.p.i.JtaPlatformInitiator - HHH000489: No JTA platform available (set 'hibernate.transaction.jta.platform' to enable JTA platform integration)
2026-04-21 12:16:43 [main] INFO  o.s.o.j.LocalContainerEntityManagerFactoryBean - Initialized JPA EntityManagerFactory for persistence unit 'default'
2026-04-21 12:16:44 [main] INFO  o.s.d.j.r.query.QueryEnhancerFactory - Hibernate is in classpath; If applicable, HQL parser will be used.
2026-04-21 12:16:45 [main] WARN  o.s.b.a.o.j.JpaBaseConfiguration$JpaWebConfiguration - spring.jpa.open-in-view is enabled by default. Therefore, database queries may be performed during view rendering. Explicitly configure spring.jpa.open-in-view to disable this warning
2026-04-21 12:16:45 [main] INFO  o.s.s.c.a.a.c.InitializeUserDetailsBeanManagerConfigurer$InitializeUserDetailsManagerConfigurer - Global AuthenticationManager configured with UserDetailsService bean with name inMemoryUserDetailsManager
2026-04-21 12:16:46 [main] INFO  o.s.v.b.OptionalValidatorFactoryBean - Failed to set up a Bean Validation provider: jakarta.validation.NoProviderFoundException: Unable to create a Configuration, because no Jakarta Bean Validation provider could be found. Add a provider like Hibernate Validator (RI) to your classpath.
2026-04-21 12:16:46 [main] INFO  o.a.coyote.http11.Http11NioProtocol - Starting ProtocolHandler ["http-nio-8082"]
2026-04-21 12:16:46 [main] WARN  o.s.b.w.s.c.AnnotationConfigServletWebServerApplicationContext - Exception encountered during context initialization - cancelling refresh attempt: org.springframework.context.ApplicationContextException: Failed to start bean 'webServerStartStop'
2026-04-21 12:16:46 [main] INFO  o.s.o.j.LocalContainerEntityManagerFactoryBean - Closing JPA EntityManagerFactory for persistence unit 'default'
2026-04-21 12:16:46 [main] INFO  com.zaxxer.hikari.HikariDataSource - HikariPool-1 - Shutdown initiated...
2026-04-21 12:16:46 [main] INFO  com.zaxxer.hikari.HikariDataSource - HikariPool-1 - Shutdown completed.
2026-04-21 12:16:46 [main] INFO  o.s.b.a.l.ConditionEvaluationReportLogger - 

Error starting ApplicationContext. To display the condition evaluation report re-run your application with 'debug' enabled.
2026-04-21 12:16:46 [main] ERROR o.s.b.d.LoggingFailureAnalysisReporter - 

***************************
APPLICATION FAILED TO START
***************************

Description:

Web server failed to start. Port 8082 was already in use.

Action:

Identify and stop the process that's listening on port 8082 or configure this application to listen on another port.

2026-04-21 12:19:23 [SpringApplicationShutdownHook] INFO  o.s.b.w.e.tomcat.GracefulShutdown - Commencing graceful shutdown. Waiting for active requests to complete
2026-04-21 12:19:23 [tomcat-shutdown] INFO  o.s.b.w.e.tomcat.GracefulShutdown - Graceful shutdown complete
2026-04-21 12:19:23 [SpringApplicationShutdownHook] INFO  o.s.o.j.LocalContainerEntityManagerFactoryBean - Closing JPA EntityManagerFactory for persistence unit 'default'
2026-04-21 12:19:23 [SpringApplicationShutdownHook] INFO  com.zaxxer.hikari.HikariDataSource - HikariPool-1 - Shutdown initiated...
2026-04-21 12:19:23 [SpringApplicationShutdownHook] INFO  com.zaxxer.hikari.HikariDataSource - HikariPool-1 - Shutdown completed.
2026-04-21 12:19:58 [main] INFO  c.example.BookApp.BookAppApplication - Starting BookAppApplication using Java 21.0.9 with PID 27172 (C:\Users\sahildevli\OneDrive - Nagarro\Desktop\BookApp\target\classes started by sahildevli in C:\Users\sahildevli\OneDrive - Nagarro\Desktop\BookApp)
2026-04-21 12:19:58 [main] DEBUG c.example.BookApp.BookAppApplication - Running with Spring Boot v3.4.5, Spring v6.2.6
2026-04-21 12:19:58 [main] INFO  c.example.BookApp.BookAppApplication - No active profile set, falling back to 1 default profile: "default"
2026-04-21 12:20:01 [main] INFO  o.s.d.r.c.RepositoryConfigurationDelegate - Bootstrapping Spring Data JPA repositories in DEFAULT mode.
2026-04-21 12:20:01 [main] INFO  o.s.d.r.c.RepositoryConfigurationDelegate - Finished Spring Data repository scanning in 111 ms. Found 2 JPA repository interfaces.
2026-04-21 12:20:02 [main] INFO  o.s.b.w.e.tomcat.TomcatWebServer - Tomcat initialized with port 8082 (http)
2026-04-21 12:20:02 [main] INFO  o.a.coyote.http11.Http11NioProtocol - Initializing ProtocolHandler ["http-nio-8082"]
2026-04-21 12:20:02 [main] INFO  o.a.catalina.core.StandardService - Starting service [Tomcat]
2026-04-21 12:20:02 [main] INFO  o.a.catalina.core.StandardEngine - Starting Servlet engine: [Apache Tomcat/10.1.40]
2026-04-21 12:20:03 [main] INFO  o.a.c.c.C.[Tomcat].[localhost].[/] - Initializing Spring embedded WebApplicationContext
2026-04-21 12:20:03 [main] INFO  o.s.b.w.s.c.ServletWebServerApplicationContext - Root WebApplicationContext: initialization completed in 4080 ms
2026-04-21 12:20:03 [main] INFO  o.h.jpa.internal.util.LogHelper - HHH000204: Processing PersistenceUnitInfo [name: default]
2026-04-21 12:20:03 [main] INFO  org.hibernate.Version - HHH000412: Hibernate ORM core version 6.6.13.Final
2026-04-21 12:20:03 [main] INFO  o.h.c.i.RegionFactoryInitiator - HHH000026: Second-level cache disabled
2026-04-21 12:20:04 [main] INFO  o.s.o.j.p.SpringPersistenceUnitInfo - No LoadTimeWeaver setup: ignoring JPA class transformer
2026-04-21 12:20:04 [main] INFO  com.zaxxer.hikari.HikariDataSource - HikariPool-1 - Starting...
2026-04-21 12:20:05 [main] INFO  com.zaxxer.hikari.pool.HikariPool - HikariPool-1 - Added connection org.postgresql.jdbc.PgConnection@343d1d25
2026-04-21 12:20:05 [main] INFO  com.zaxxer.hikari.HikariDataSource - HikariPool-1 - Start completed.
2026-04-21 12:20:05 [main] INFO  o.hibernate.orm.connections.pooling - HHH10001005: Database info:
	Database JDBC URL [Connecting through datasource 'HikariDataSource (HikariPool-1)']
	Database driver: undefined/unknown
	Database version: 18.1
	Autocommit mode: undefined/unknown
	Isolation level: undefined/unknown
	Minimum pool size: undefined/unknown
	Maximum pool size: undefined/unknown
2026-04-21 12:20:07 [main] INFO  o.h.e.t.j.p.i.JtaPlatformInitiator - HHH000489: No JTA platform available (set 'hibernate.transaction.jta.platform' to enable JTA platform integration)
2026-04-21 12:20:07 [main] INFO  o.s.o.j.LocalContainerEntityManagerFactoryBean - Initialized JPA EntityManagerFactory for persistence unit 'default'
2026-04-21 12:20:08 [main] INFO  o.s.d.j.r.query.QueryEnhancerFactory - Hibernate is in classpath; If applicable, HQL parser will be used.
2026-04-21 12:20:11 [main] WARN  o.s.b.a.o.j.JpaBaseConfiguration$JpaWebConfiguration - spring.jpa.open-in-view is enabled by default. Therefore, database queries may be performed during view rendering. Explicitly configure spring.jpa.open-in-view to disable this warning
2026-04-21 12:20:11 [main] INFO  o.s.s.c.a.a.c.InitializeUserDetailsBeanManagerConfigurer$InitializeUserDetailsManagerConfigurer - Global AuthenticationManager configured with UserDetailsService bean with name inMemoryUserDetailsManager
2026-04-21 12:20:11 [main] INFO  o.s.v.b.OptionalValidatorFactoryBean - Failed to set up a Bean Validation provider: jakarta.validation.NoProviderFoundException: Unable to create a Configuration, because no Jakarta Bean Validation provider could be found. Add a provider like Hibernate Validator (RI) to your classpath.
2026-04-21 12:20:12 [main] INFO  o.a.coyote.http11.Http11NioProtocol - Starting ProtocolHandler ["http-nio-8082"]
2026-04-21 12:20:12 [main] INFO  o.s.b.w.e.tomcat.TomcatWebServer - Tomcat started on port 8082 (http) with context path '/'
2026-04-21 12:20:12 [main] INFO  c.example.BookApp.BookAppApplication - Started BookAppApplication in 14.944 seconds (process running for 15.803)
2026-04-21 12:20:23 [http-nio-8082-exec-1] INFO  o.a.c.c.C.[Tomcat].[localhost].[/] - Initializing Spring DispatcherServlet 'dispatcherServlet'
2026-04-21 12:20:23 [http-nio-8082-exec-1] INFO  o.s.web.servlet.DispatcherServlet - Initializing Servlet 'dispatcherServlet'
2026-04-21 12:20:23 [http-nio-8082-exec-1] INFO  o.s.web.servlet.DispatcherServlet - Completed initialization in 2 ms
2026-04-21 12:20:25 [http-nio-8082-exec-9] INFO  o.s.api.AbstractOpenApiResource - Init duration for springdoc-openapi is: 895 ms
2026-04-21 12:39:43 [SpringApplicationShutdownHook] INFO  o.s.b.w.e.tomcat.GracefulShutdown - Commencing graceful shutdown. Waiting for active requests to complete
2026-04-21 12:39:43 [tomcat-shutdown] INFO  o.s.b.w.e.tomcat.GracefulShutdown - Graceful shutdown complete
2026-04-21 12:39:43 [SpringApplicationShutdownHook] INFO  o.s.o.j.LocalContainerEntityManagerFactoryBean - Closing JPA EntityManagerFactory for persistence unit 'default'
2026-04-21 12:39:43 [SpringApplicationShutdownHook] INFO  com.zaxxer.hikari.HikariDataSource - HikariPool-1 - Shutdown initiated...
2026-04-21 12:39:43 [SpringApplicationShutdownHook] INFO  com.zaxxer.hikari.HikariDataSource - HikariPool-1 - Shutdown completed.
2026-04-21 14:13:11 [main] INFO  c.e.BookApp.BookAppApplicationTests - Starting BookAppApplicationTests using Java 21.0.9 with PID 19740 (started by sahildevli in C:\Users\sahildevli\OneDrive - Nagarro\Desktop\BookApp)
2026-04-21 14:13:11 [main] DEBUG c.e.BookApp.BookAppApplicationTests - Running with Spring Boot v3.4.5, Spring v6.2.6
2026-04-21 14:13:11 [main] INFO  c.e.BookApp.BookAppApplicationTests - No active profile set, falling back to 1 default profile: "default"
2026-04-21 14:13:12 [main] INFO  o.s.d.r.c.RepositoryConfigurationDelegate - Bootstrapping Spring Data JPA repositories in DEFAULT mode.
2026-04-21 14:13:13 [main] INFO  o.s.d.r.c.RepositoryConfigurationDelegate - Finished Spring Data repository scanning in 114 ms. Found 2 JPA repository interfaces.
2026-04-21 14:13:16 [main] INFO  o.h.jpa.internal.util.LogHelper - HHH000204: Processing PersistenceUnitInfo [name: default]
2026-04-21 14:13:16 [main] INFO  org.hibernate.Version - HHH000412: Hibernate ORM core version 6.6.13.Final
2026-04-21 14:13:17 [main] INFO  o.h.c.i.RegionFactoryInitiator - HHH000026: Second-level cache disabled
2026-04-21 14:13:17 [main] INFO  o.s.o.j.p.SpringPersistenceUnitInfo - No LoadTimeWeaver setup: ignoring JPA class transformer
2026-04-21 14:13:17 [main] INFO  com.zaxxer.hikari.HikariDataSource - HikariPool-1 - Starting...
2026-04-21 14:13:18 [main] INFO  com.zaxxer.hikari.pool.HikariPool - HikariPool-1 - Added connection org.postgresql.jdbc.PgConnection@1d9bd1d6
2026-04-21 14:13:18 [main] INFO  com.zaxxer.hikari.HikariDataSource - HikariPool-1 - Start completed.
2026-04-21 14:13:18 [main] INFO  o.hibernate.orm.connections.pooling - HHH10001005: Database info:
	Database JDBC URL [Connecting through datasource 'HikariDataSource (HikariPool-1)']
	Database driver: undefined/unknown
	Database version: 18.1
	Autocommit mode: undefined/unknown
	Isolation level: undefined/unknown
	Minimum pool size: undefined/unknown
	Maximum pool size: undefined/unknown
2026-04-21 14:13:20 [main] INFO  o.h.e.t.j.p.i.JtaPlatformInitiator - HHH000489: No JTA platform available (set 'hibernate.transaction.jta.platform' to enable JTA platform integration)
2026-04-21 14:13:20 [main] INFO  o.s.o.j.LocalContainerEntityManagerFactoryBean - Initialized JPA EntityManagerFactory for persistence unit 'default'
2026-04-21 14:13:21 [main] INFO  o.s.d.j.r.query.QueryEnhancerFactory - Hibernate is in classpath; If applicable, HQL parser will be used.
2026-04-21 14:13:23 [main] WARN  o.s.b.a.o.j.JpaBaseConfiguration$JpaWebConfiguration - spring.jpa.open-in-view is enabled by default. Therefore, database queries may be performed during view rendering. Explicitly configure spring.jpa.open-in-view to disable this warning
2026-04-21 14:13:23 [main] INFO  o.s.s.c.a.a.c.InitializeUserDetailsBeanManagerConfigurer$InitializeUserDetailsManagerConfigurer - Global AuthenticationManager configured with UserDetailsService bean with name inMemoryUserDetailsManager
2026-04-21 14:13:25 [main] INFO  o.s.v.b.OptionalValidatorFactoryBean - Failed to set up a Bean Validation provider: jakarta.validation.NoProviderFoundException: Unable to create a Configuration, because no Jakarta Bean Validation provider could be found. Add a provider like Hibernate Validator (RI) to your classpath.
2026-04-21 14:13:25 [main] INFO  c.e.BookApp.BookAppApplicationTests - Started BookAppApplicationTests in 15.643 seconds (process running for 17.985)
2026-04-21 14:13:26 [main] INFO  o.s.t.c.s.AnnotationConfigContextLoaderUtils - Could not detect default configuration classes for test class [com.example.BookApp.controller.AuthorsControllerTest]: AuthorsControllerTest does not declare any static, non-private, non-final, nested classes annotated with @Configuration.
2026-04-21 14:13:26 [main] INFO  o.s.b.t.c.SpringBootTestContextBootstrapper - Found @SpringBootConfiguration com.example.BookApp.BookAppApplication for test class com.example.BookApp.controller.AuthorsControllerTest
2026-04-21 14:13:26 [main] INFO  c.e.B.c.AuthorsControllerTest - Starting AuthorsControllerTest using Java 21.0.9 with PID 19740 (started by sahildevli in C:\Users\sahildevli\OneDrive - Nagarro\Desktop\BookApp)
2026-04-21 14:13:26 [main] DEBUG c.e.B.c.AuthorsControllerTest - Running with Spring Boot v3.4.5, Spring v6.2.6
2026-04-21 14:13:26 [main] INFO  c.e.B.c.AuthorsControllerTest - No active profile set, falling back to 1 default profile: "default"
2026-04-21 14:13:27 [main] INFO  o.s.s.c.a.a.c.InitializeUserDetailsBeanManagerConfigurer$InitializeUserDetailsManagerConfigurer - Global AuthenticationManager configured with UserDetailsService bean with name inMemoryUserDetailsManager
2026-04-21 14:13:28 [main] INFO  o.s.v.b.OptionalValidatorFactoryBean - Failed to set up a Bean Validation provider: jakarta.validation.NoProviderFoundException: Unable to create a Configuration, because no Jakarta Bean Validation provider could be found. Add a provider like Hibernate Validator (RI) to your classpath.
2026-04-21 14:13:28 [main] INFO  o.s.b.t.m.w.SpringBootMockServletContext - Initializing Spring TestDispatcherServlet ''
2026-04-21 14:13:28 [main] INFO  o.s.t.w.s.TestDispatcherServlet - Initializing Servlet ''
2026-04-21 14:13:28 [main] INFO  o.s.t.w.s.TestDispatcherServlet - Completed initialization in 6 ms
2026-04-21 14:13:28 [main] INFO  c.e.B.c.AuthorsControllerTest - Started AuthorsControllerTest in 1.561 seconds (process running for 20.573)
2026-04-21 14:13:29 [main] INFO  o.s.t.c.s.AnnotationConfigContextLoaderUtils - Could not detect default configuration classes for test class [com.example.BookApp.controller.BooksControllerTest]: BooksControllerTest does not declare any static, non-private, non-final, nested classes annotated with @Configuration.
2026-04-21 14:13:29 [main] INFO  o.s.b.t.c.SpringBootTestContextBootstrapper - Found @SpringBootConfiguration com.example.BookApp.BookAppApplication for test class com.example.BookApp.controller.BooksControllerTest
2026-04-21 14:13:29 [main] INFO  c.e.B.controller.BooksControllerTest - Starting BooksControllerTest using Java 21.0.9 with PID 19740 (started by sahildevli in C:\Users\sahildevli\OneDrive - Nagarro\Desktop\BookApp)
2026-04-21 14:13:29 [main] DEBUG c.e.B.controller.BooksControllerTest - Running with Spring Boot v3.4.5, Spring v6.2.6
2026-04-21 14:13:29 [main] INFO  c.e.B.controller.BooksControllerTest - No active profile set, falling back to 1 default profile: "default"
2026-04-21 14:13:30 [main] INFO  o.s.s.c.a.a.c.InitializeUserDetailsBeanManagerConfigurer$InitializeUserDetailsManagerConfigurer - Global AuthenticationManager configured with UserDetailsService bean with name inMemoryUserDetailsManager
2026-04-21 14:13:30 [main] INFO  o.s.v.b.OptionalValidatorFactoryBean - Failed to set up a Bean Validation provider: jakarta.validation.NoProviderFoundException: Unable to create a Configuration, because no Jakarta Bean Validation provider could be found. Add a provider like Hibernate Validator (RI) to your classpath.
2026-04-21 14:13:30 [main] INFO  o.s.b.t.m.w.SpringBootMockServletContext - Initializing Spring TestDispatcherServlet ''
2026-04-21 14:13:30 [main] INFO  o.s.t.w.s.TestDispatcherServlet - Initializing Servlet ''
2026-04-21 14:13:30 [main] INFO  o.s.t.w.s.TestDispatcherServlet - Completed initialization in 1 ms
2026-04-21 14:13:30 [main] INFO  c.e.B.controller.BooksControllerTest - Started BooksControllerTest in 1.166 seconds (process running for 22.921)
2026-04-21 14:13:31 [SpringApplicationShutdownHook] INFO  o.s.o.j.LocalContainerEntityManagerFactoryBean - Closing JPA EntityManagerFactory for persistence unit 'default'
2026-04-21 14:13:31 [SpringApplicationShutdownHook] INFO  com.zaxxer.hikari.HikariDataSource - HikariPool-1 - Shutdown initiated...
2026-04-21 14:13:31 [SpringApplicationShutdownHook] INFO  com.zaxxer.hikari.HikariDataSource - HikariPool-1 - Shutdown completed.
2026-04-21 14:24:10 [main] INFO  c.e.BookApp.BookAppApplicationTests - Starting BookAppApplicationTests using Java 21.0.9 with PID 16756 (started by sahildevli in C:\Users\sahildevli\OneDrive - Nagarro\Desktop\BookApp)
2026-04-21 14:24:10 [main] DEBUG c.e.BookApp.BookAppApplicationTests - Running with Spring Boot v3.4.5, Spring v6.2.6
2026-04-21 14:24:10 [main] INFO  c.e.BookApp.BookAppApplicationTests - No active profile set, falling back to 1 default profile: "default"
2026-04-21 14:24:12 [main] INFO  o.s.d.r.c.RepositoryConfigurationDelegate - Bootstrapping Spring Data JPA repositories in DEFAULT mode.
2026-04-21 14:24:12 [main] INFO  o.s.d.r.c.RepositoryConfigurationDelegate - Finished Spring Data repository scanning in 110 ms. Found 2 JPA repository interfaces.
2026-04-21 14:24:13 [main] INFO  o.h.jpa.internal.util.LogHelper - HHH000204: Processing PersistenceUnitInfo [name: default]
2026-04-21 14:24:14 [main] INFO  org.hibernate.Version - HHH000412: Hibernate ORM core version 6.6.13.Final
2026-04-21 14:24:14 [main] INFO  o.h.c.i.RegionFactoryInitiator - HHH000026: Second-level cache disabled
2026-04-21 14:24:14 [main] INFO  o.s.o.j.p.SpringPersistenceUnitInfo - No LoadTimeWeaver setup: ignoring JPA class transformer
2026-04-21 14:24:15 [main] INFO  com.zaxxer.hikari.HikariDataSource - HikariPool-1 - Starting...
2026-04-21 14:24:15 [main] INFO  com.zaxxer.hikari.pool.HikariPool - HikariPool-1 - Added connection org.postgresql.jdbc.PgConnection@1fa18f87
2026-04-21 14:24:15 [main] INFO  com.zaxxer.hikari.HikariDataSource - HikariPool-1 - Start completed.
2026-04-21 14:24:15 [main] INFO  o.hibernate.orm.connections.pooling - HHH10001005: Database info:
	Database JDBC URL [Connecting through datasource 'HikariDataSource (HikariPool-1)']
	Database driver: undefined/unknown
	Database version: 18.1
	Autocommit mode: undefined/unknown
	Isolation level: undefined/unknown
	Minimum pool size: undefined/unknown
	Maximum pool size: undefined/unknown
2026-04-21 14:24:17 [main] INFO  o.h.e.t.j.p.i.JtaPlatformInitiator - HHH000489: No JTA platform available (set 'hibernate.transaction.jta.platform' to enable JTA platform integration)
2026-04-21 14:24:17 [main] INFO  o.s.o.j.LocalContainerEntityManagerFactoryBean - Initialized JPA EntityManagerFactory for persistence unit 'default'
2026-04-21 14:24:18 [main] INFO  o.s.d.j.r.query.QueryEnhancerFactory - Hibernate is in classpath; If applicable, HQL parser will be used.
2026-04-21 14:24:20 [main] WARN  o.s.b.a.o.j.JpaBaseConfiguration$JpaWebConfiguration - spring.jpa.open-in-view is enabled by default. Therefore, database queries may be performed during view rendering. Explicitly configure spring.jpa.open-in-view to disable this warning
2026-04-21 14:24:20 [main] INFO  o.s.s.c.a.a.c.InitializeUserDetailsBeanManagerConfigurer$InitializeUserDetailsManagerConfigurer - Global AuthenticationManager configured with UserDetailsService bean with name inMemoryUserDetailsManager
2026-04-21 14:24:22 [main] INFO  o.s.v.b.OptionalValidatorFactoryBean - Failed to set up a Bean Validation provider: jakarta.validation.NoProviderFoundException: Unable to create a Configuration, because no Jakarta Bean Validation provider could be found. Add a provider like Hibernate Validator (RI) to your classpath.
2026-04-21 14:24:22 [main] INFO  c.e.BookApp.BookAppApplicationTests - Started BookAppApplicationTests in 13.319 seconds (process running for 15.772)
2026-04-21 14:24:23 [main] INFO  o.s.t.c.s.AnnotationConfigContextLoaderUtils - Could not detect default configuration classes for test class [com.example.BookApp.controller.AuthorsControllerTest]: AuthorsControllerTest does not declare any static, non-private, non-final, nested classes annotated with @Configuration.
2026-04-21 14:24:23 [main] INFO  o.s.b.t.c.SpringBootTestContextBootstrapper - Found @SpringBootConfiguration com.example.BookApp.BookAppApplication for test class com.example.BookApp.controller.AuthorsControllerTest
2026-04-21 14:24:23 [main] INFO  c.e.B.c.AuthorsControllerTest - Starting AuthorsControllerTest using Java 21.0.9 with PID 16756 (started by sahildevli in C:\Users\sahildevli\OneDrive - Nagarro\Desktop\BookApp)
2026-04-21 14:24:23 [main] DEBUG c.e.B.c.AuthorsControllerTest - Running with Spring Boot v3.4.5, Spring v6.2.6
2026-04-21 14:24:23 [main] INFO  c.e.B.c.AuthorsControllerTest - No active profile set, falling back to 1 default profile: "default"
2026-04-21 14:24:24 [main] INFO  o.s.s.c.a.a.c.InitializeUserDetailsBeanManagerConfigurer$InitializeUserDetailsManagerConfigurer - Global AuthenticationManager configured with UserDetailsService bean with name inMemoryUserDetailsManager
2026-04-21 14:24:24 [main] INFO  o.s.v.b.OptionalValidatorFactoryBean - Failed to set up a Bean Validation provider: jakarta.validation.NoProviderFoundException: Unable to create a Configuration, because no Jakarta Bean Validation provider could be found. Add a provider like Hibernate Validator (RI) to your classpath.
2026-04-21 14:24:25 [main] INFO  o.s.b.t.m.w.SpringBootMockServletContext - Initializing Spring TestDispatcherServlet ''
2026-04-21 14:24:25 [main] INFO  o.s.t.w.s.TestDispatcherServlet - Initializing Servlet ''
2026-04-21 14:24:25 [main] INFO  o.s.t.w.s.TestDispatcherServlet - Completed initialization in 4 ms
2026-04-21 14:24:25 [main] INFO  c.e.B.c.AuthorsControllerTest - Started AuthorsControllerTest in 1.492 seconds (process running for 18.2)
2026-04-21 14:24:32 [main] INFO  o.s.t.c.s.AnnotationConfigContextLoaderUtils - Could not detect default configuration classes for test class [com.example.BookApp.controller.BooksControllerTest]: BooksControllerTest does not declare any static, non-private, non-final, nested classes annotated with @Configuration.
2026-04-21 14:24:32 [main] INFO  o.s.b.t.c.SpringBootTestContextBootstrapper - Found @SpringBootConfiguration com.example.BookApp.BookAppApplication for test class com.example.BookApp.controller.BooksControllerTest
2026-04-21 14:24:32 [main] INFO  c.e.B.controller.BooksControllerTest - Starting BooksControllerTest using Java 21.0.9 with PID 16756 (started by sahildevli in C:\Users\sahildevli\OneDrive - Nagarro\Desktop\BookApp)
2026-04-21 14:24:32 [main] DEBUG c.e.B.controller.BooksControllerTest - Running with Spring Boot v3.4.5, Spring v6.2.6
2026-04-21 14:24:32 [main] INFO  c.e.B.controller.BooksControllerTest - No active profile set, falling back to 1 default profile: "default"
2026-04-21 14:24:33 [main] INFO  o.s.s.c.a.a.c.InitializeUserDetailsBeanManagerConfigurer$InitializeUserDetailsManagerConfigurer - Global AuthenticationManager configured with UserDetailsService bean with name inMemoryUserDetailsManager
2026-04-21 14:24:33 [main] INFO  o.s.v.b.OptionalValidatorFactoryBean - Failed to set up a Bean Validation provider: jakarta.validation.NoProviderFoundException: Unable to create a Configuration, because no Jakarta Bean Validation provider could be found. Add a provider like Hibernate Validator (RI) to your classpath.
2026-04-21 14:24:33 [main] INFO  o.s.b.t.m.w.SpringBootMockServletContext - Initializing Spring TestDispatcherServlet ''
2026-04-21 14:24:33 [main] INFO  o.s.t.w.s.TestDispatcherServlet - Initializing Servlet ''
2026-04-21 14:24:33 [main] INFO  o.s.t.w.s.TestDispatcherServlet - Completed initialization in 1 ms
2026-04-21 14:24:33 [main] INFO  c.e.B.controller.BooksControllerTest - Started BooksControllerTest in 1.045 seconds (process running for 26.303)
2026-04-21 14:24:34 [SpringApplicationShutdownHook] INFO  o.s.o.j.LocalContainerEntityManagerFactoryBean - Closing JPA EntityManagerFactory for persistence unit 'default'
2026-04-21 14:24:34 [SpringApplicationShutdownHook] INFO  com.zaxxer.hikari.HikariDataSource - HikariPool-1 - Shutdown initiated...
2026-04-21 14:24:34 [SpringApplicationShutdownHook] INFO  com.zaxxer.hikari.HikariDataSource - HikariPool-1 - Shutdown completed.
2026-04-21 14:25:41 [main] INFO  c.e.B.c.AuthorsControllerTest - Starting AuthorsControllerTest using Java 21.0.9 with PID 22132 (started by sahildevli in C:\Users\sahildevli\OneDrive - Nagarro\Desktop\BookApp)
2026-04-21 14:25:41 [main] DEBUG c.e.B.c.AuthorsControllerTest - Running with Spring Boot v3.4.5, Spring v6.2.6
2026-04-21 14:25:41 [main] INFO  c.e.B.c.AuthorsControllerTest - No active profile set, falling back to 1 default profile: "default"
2026-04-21 14:25:44 [main] INFO  o.s.s.c.a.a.c.InitializeUserDetailsBeanManagerConfigurer$InitializeUserDetailsManagerConfigurer - Global AuthenticationManager configured with UserDetailsService bean with name inMemoryUserDetailsManager
2026-04-21 14:25:45 [main] INFO  o.s.v.b.OptionalValidatorFactoryBean - Failed to set up a Bean Validation provider: jakarta.validation.NoProviderFoundException: Unable to create a Configuration, because no Jakarta Bean Validation provider could be found. Add a provider like Hibernate Validator (RI) to your classpath.
2026-04-21 14:25:45 [main] INFO  o.s.b.t.m.w.SpringBootMockServletContext - Initializing Spring TestDispatcherServlet ''
2026-04-21 14:25:45 [main] INFO  o.s.t.w.s.TestDispatcherServlet - Initializing Servlet ''
2026-04-21 14:25:45 [main] INFO  o.s.t.w.s.TestDispatcherServlet - Completed initialization in 3 ms
2026-04-21 14:25:45 [main] INFO  c.e.B.c.AuthorsControllerTest - Started AuthorsControllerTest in 5.533 seconds (process running for 7.895)
2026-04-21 16:00:02 [main] INFO  c.e.BookApp.BookAppApplicationTests - Starting BookAppApplicationTests using Java 21.0.9 with PID 20220 (started by sahildevli in C:\Users\sahildevli\OneDrive - Nagarro\Desktop\BookApp)
2026-04-21 16:00:02 [main] DEBUG c.e.BookApp.BookAppApplicationTests - Running with Spring Boot v3.4.5, Spring v6.2.6
2026-04-21 16:00:02 [main] INFO  c.e.BookApp.BookAppApplicationTests - No active profile set, falling back to 1 default profile: "default"
2026-04-21 16:00:04 [main] INFO  o.s.d.r.c.RepositoryConfigurationDelegate - Bootstrapping Spring Data JPA repositories in DEFAULT mode.
2026-04-21 16:00:04 [main] INFO  o.s.d.r.c.RepositoryConfigurationDelegate - Finished Spring Data repository scanning in 97 ms. Found 2 JPA repository interfaces.
2026-04-21 16:00:06 [main] INFO  o.h.jpa.internal.util.LogHelper - HHH000204: Processing PersistenceUnitInfo [name: default]
2026-04-21 16:00:06 [main] INFO  org.hibernate.Version - HHH000412: Hibernate ORM core version 6.6.13.Final
2026-04-21 16:00:06 [main] INFO  o.h.c.i.RegionFactoryInitiator - HHH000026: Second-level cache disabled
2026-04-21 16:00:06 [main] INFO  o.s.o.j.p.SpringPersistenceUnitInfo - No LoadTimeWeaver setup: ignoring JPA class transformer
2026-04-21 16:00:07 [main] INFO  com.zaxxer.hikari.HikariDataSource - HikariPool-1 - Starting...
2026-04-21 16:00:07 [main] INFO  com.zaxxer.hikari.pool.HikariPool - HikariPool-1 - Added connection org.postgresql.jdbc.PgConnection@1d06801f
2026-04-21 16:00:07 [main] INFO  com.zaxxer.hikari.HikariDataSource - HikariPool-1 - Start completed.
2026-04-21 16:00:07 [main] INFO  o.hibernate.orm.connections.pooling - HHH10001005: Database info:
	Database JDBC URL [Connecting through datasource 'HikariDataSource (HikariPool-1)']
	Database driver: undefined/unknown
	Database version: 18.1
	Autocommit mode: undefined/unknown
	Isolation level: undefined/unknown
	Minimum pool size: undefined/unknown
	Maximum pool size: undefined/unknown
2026-04-21 16:00:09 [main] INFO  o.h.e.t.j.p.i.JtaPlatformInitiator - HHH000489: No JTA platform available (set 'hibernate.transaction.jta.platform' to enable JTA platform integration)
2026-04-21 16:00:09 [main] INFO  o.s.o.j.LocalContainerEntityManagerFactoryBean - Initialized JPA EntityManagerFactory for persistence unit 'default'
2026-04-21 16:00:10 [main] INFO  o.s.d.j.r.query.QueryEnhancerFactory - Hibernate is in classpath; If applicable, HQL parser will be used.
2026-04-21 16:00:12 [main] WARN  o.s.b.a.o.j.JpaBaseConfiguration$JpaWebConfiguration - spring.jpa.open-in-view is enabled by default. Therefore, database queries may be performed during view rendering. Explicitly configure spring.jpa.open-in-view to disable this warning
2026-04-21 16:00:12 [main] INFO  o.s.s.c.a.a.c.InitializeUserDetailsBeanManagerConfigurer$InitializeUserDetailsManagerConfigurer - Global AuthenticationManager configured with UserDetailsService bean with name inMemoryUserDetailsManager
2026-04-21 16:00:13 [main] INFO  o.s.v.b.OptionalValidatorFactoryBean - Failed to set up a Bean Validation provider: jakarta.validation.NoProviderFoundException: Unable to create a Configuration, because no Jakarta Bean Validation provider could be found. Add a provider like Hibernate Validator (RI) to your classpath.
2026-04-21 16:00:13 [main] INFO  c.e.BookApp.BookAppApplicationTests - Started BookAppApplicationTests in 12.109 seconds (process running for 15.272)
2026-04-21 16:00:14 [SpringApplicationShutdownHook] INFO  o.s.o.j.LocalContainerEntityManagerFactoryBean - Closing JPA EntityManagerFactory for persistence unit 'default'
2026-04-21 16:00:14 [SpringApplicationShutdownHook] INFO  com.zaxxer.hikari.HikariDataSource - HikariPool-1 - Shutdown initiated...
2026-04-21 16:00:14 [SpringApplicationShutdownHook] INFO  com.zaxxer.hikari.HikariDataSource - HikariPool-1 - Shutdown completed.
